  ModuleSceneIntro.cpp
C:\Users\cesar\Desktop\Pinball\Physics II - Box2D - Handout 04\ModuleSceneIntro.cpp(160,45): warning C4244: “参数”: 从“TYPE”转换到“TYPE”，可能丢失数据
          with
          [
              TYPE=int
          ]
          and
          [
              TYPE=float
          ]
C:\Users\cesar\Desktop\Pinball\Physics II - Box2D - Handout 04\ModuleSceneIntro.cpp(160,30): warning C4244: “参数”: 从“TYPE”转换到“TYPE”，可能丢失数据
          with
          [
              TYPE=int
          ]
          and
          [
              TYPE=float
          ]
C:\Users\cesar\Desktop\Pinball\Physics II - Box2D - Handout 04\ModuleSceneIntro.cpp(162,18): warning C4244: “参数”: 从“int”转换到“float”，可能丢失数据
C:\Users\cesar\Desktop\Pinball\Physics II - Box2D - Handout 04\ModuleSceneIntro.cpp(164,70): warning C4244: “参数”: 从“TYPE”转换到“int”，可能丢失数据
          with
          [
              TYPE=float
          ]
C:\Users\cesar\Desktop\Pinball\Physics II - Box2D - Handout 04\ModuleSceneIntro.cpp(164,47): warning C4244: “参数”: 从“TYPE”转换到“int”，可能丢失数据
          with
          [
              TYPE=float
          ]
C:\Users\cesar\Desktop\Pinball\Physics II - Box2D - Handout 04\ModuleSceneIntro.cpp(167,138): warning C4244: “参数”: 从“TYPE”转换到“int”，可能丢失数据
          with
          [
              TYPE=float
          ]
C:\Users\cesar\Desktop\Pinball\Physics II - Box2D - Handout 04\ModuleSceneIntro.cpp(167,96): warning C4244: “参数”: 从“TYPE”转换到“int”，可能丢失数据
          with
          [
              TYPE=float
          ]
C:\Users\cesar\Desktop\Pinball\Physics II - Box2D - Handout 04\ModuleSceneIntro.cpp(167,57): warning C4244: “参数”: 从“TYPE”转换到“int”，可能丢失数据
          with
          [
              TYPE=float
          ]
C:\Users\cesar\Desktop\Pinball\Physics II - Box2D - Handout 04\ModuleSceneIntro.cpp(167,34): warning C4244: “参数”: 从“TYPE”转换到“int”，可能丢失数据
          with
          [
              TYPE=float
          ]
C:\Users\cesar\Desktop\Pinball\Physics II - Box2D - Handout 04\ModuleSceneIntro.cpp(175,9): warning C4101: “y”: 未引用的局部变量
C:\Users\cesar\Desktop\Pinball\Physics II - Box2D - Handout 04\ModuleSceneIntro.cpp(175,6): warning C4101: “x”: 未引用的局部变量
  SDL Game.vcxproj -> C:\Users\cesar\Desktop\Pinball\Physics II - Box2D - Handout 04\Debug\2D Physics - class 4.exe
